\BOOKMARK [0][-]{chapter.1}{Introduction}{}
\BOOKMARK [1][-]{section.1.1}{Problem Statement}{chapter.1}
\BOOKMARK [1][-]{section.1.2}{Objectives}{chapter.1}
\BOOKMARK [1][-]{section.1.3}{Contributions}{chapter.1}
\BOOKMARK [1][-]{section.1.4}{Dissertation Outline}{chapter.1}
\BOOKMARK [0][-]{chapter.2}{VLSDs}{}
\BOOKMARK [1][-]{section.2.1}{Project Voldemort}{chapter.2}
\BOOKMARK [1][-]{section.2.2}{Riak}{chapter.2}
\BOOKMARK [1][-]{section.2.3}{Apache HBase}{chapter.2}
\BOOKMARK [1][-]{section.2.4}{Cassandra}{chapter.2}
\BOOKMARK [2][-]{subsection.2.4.1}{Data Model}{section.2.4}
\BOOKMARK [2][-]{subsection.2.4.2}{Querying}{section.2.4}
\BOOKMARK [2][-]{subsection.2.4.3}{Consistency}{section.2.4}
\BOOKMARK [0][-]{chapter.3}{SQL}{}
\BOOKMARK [1][-]{section.3.1}{SQL Statements}{chapter.3}
\BOOKMARK [2][-]{subsection.3.1.1}{Create}{section.3.1}
\BOOKMARK [2][-]{subsection.3.1.2}{Insert}{section.3.1}
\BOOKMARK [2][-]{subsection.3.1.3}{Update}{section.3.1}
\BOOKMARK [2][-]{subsection.3.1.4}{Select}{section.3.1}
\BOOKMARK [2][-]{subsection.3.1.5}{Delete}{section.3.1}
\BOOKMARK [1][-]{section.3.2}{Special Operators}{chapter.3}
\BOOKMARK [2][-]{subsection.3.2.1}{In}{section.3.2}
\BOOKMARK [2][-]{subsection.3.2.2}{Between}{section.3.2}
\BOOKMARK [2][-]{subsection.3.2.3}{Like}{section.3.2}
\BOOKMARK [2][-]{subsection.3.2.4}{Is Null}{section.3.2}
\BOOKMARK [1][-]{section.3.3}{Stored Procedures}{chapter.3}
\BOOKMARK [0][-]{chapter.4}{SQL over a VLSD}{}
\BOOKMARK [1][-]{section.4.1}{Abstraction Layer}{chapter.4}
\BOOKMARK [2][-]{subsection.4.1.1}{Derby}{section.4.1}
\BOOKMARK [2][-]{subsection.4.1.2}{Adopted data model}{section.4.1}
\BOOKMARK [2][-]{subsection.4.1.3}{Records}{section.4.1}
\BOOKMARK [2][-]{subsection.4.1.4}{Indexing}{section.4.1}
\BOOKMARK [2][-]{subsection.4.1.5}{Scans}{section.4.1}
\BOOKMARK [0][-]{chapter.5}{Fully Distributed Transactional Model}{}
\BOOKMARK [1][-]{section.5.1}{Algorithm}{chapter.5}
\BOOKMARK [2][-]{subsection.5.1.1}{API}{section.5.1}
\BOOKMARK [1][-]{section.5.2}{Caching}{chapter.5}
\BOOKMARK [2][-]{subsection.5.2.1}{Read-your-own-writes consistency}{section.5.2}
\BOOKMARK [2][-]{subsection.5.2.2}{Merging data from disk and memory}{section.5.2}
\BOOKMARK [1][-]{section.5.3}{Locks}{chapter.5}
\BOOKMARK [2][-]{subsection.5.3.1}{Zookeeper}{section.5.3}
\BOOKMARK [2][-]{subsection.5.3.2}{Cages}{section.5.3}
\BOOKMARK [1][-]{section.5.4}{Recovery from failure}{chapter.5}
\BOOKMARK [2][-]{subsection.5.4.1}{Write-ahead Log}{section.5.4}
\BOOKMARK [1][-]{section.5.5}{Pre-processing difficult transactions}{chapter.5}
\BOOKMARK [1][-]{section.5.6}{Connecting client to server}{chapter.5}
\BOOKMARK [0][-]{chapter.6}{Results and Performance Analysis}{}
\BOOKMARK [1][-]{section.6.1}{Testing Environment}{chapter.6}
\BOOKMARK [1][-]{section.6.2}{TPC-W Benchmark}{chapter.6}
\BOOKMARK [1][-]{section.6.3}{Yahoo! Cloud Serving Benchmark}{chapter.6}
\BOOKMARK [1][-]{section.6.4}{Scaling out}{chapter.6}
\BOOKMARK [0][-]{chapter.7}{Related Work}{}
\BOOKMARK [1][-]{section.7.1}{SQL over Memory}{chapter.7}
\BOOKMARK [1][-]{section.7.2}{Distributed Transactions}{chapter.7}
\BOOKMARK [2][-]{subsection.7.2.1}{CloudTPS}{section.7.2}
\BOOKMARK [1][-]{section.7.3}{High Level Interfaces for a VLSD}{chapter.7}
\BOOKMARK [2][-]{subsection.7.3.1}{Object Mapper}{section.7.3}
\BOOKMARK [2][-]{subsection.7.3.2}{Hive}{section.7.3}
\BOOKMARK [2][-]{subsection.7.3.3}{Cassandra Querying Language}{section.7.3}
\BOOKMARK [0][-]{chapter.8}{Conclusions}{}
\BOOKMARK [1][-]{section.8.1}{Future Work}{chapter.8}
\BOOKMARK [0][-]{appendix.A}{Code}{}
\BOOKMARK [1][-]{section.A.1}{Transactional System Initialization}{appendix.A}
